{"/Users/parulbhardwaj/Desktop/ACS-3310-JavaScript-Libraries/e-commerce-lib/src/index.js": {"path":"/Users/parulbhardwaj/Desktop/ACS-3310-JavaScript-Libraries/e-commerce-lib/src/index.js","statementMap":{"0":{"start":{"line":2,"column":4},"end":{"line":2,"column":90}},"1":{"start":{"line":2,"column":43},"end":{"line":2,"column":85}},"2":{"start":{"line":6,"column":4},"end":{"line":6,"column":35}},"3":{"start":{"line":10,"column":28},"end":{"line":10,"column":71}},"4":{"start":{"line":10,"column":48},"end":{"line":10,"column":70}},"5":{"start":{"line":12,"column":4},"end":{"line":16,"column":5}},"6":{"start":{"line":13,"column":8},"end":{"line":13,"column":53}},"7":{"start":{"line":15,"column":8},"end":{"line":15,"column":27}},"8":{"start":{"line":20,"column":28},"end":{"line":20,"column":71}},"9":{"start":{"line":20,"column":48},"end":{"line":20,"column":70}},"10":{"start":{"line":22,"column":4},"end":{"line":29,"column":5}},"11":{"start":{"line":23,"column":8},"end":{"line":23,"column":38}},"12":{"start":{"line":26,"column":8},"end":{"line":28,"column":9}},"13":{"start":{"line":27,"column":12},"end":{"line":27,"column":58}},"14":{"start":{"line":32,"column":4},"end":{"line":32,"column":42}},"15":{"start":{"line":36,"column":4},"end":{"line":36,"column":72}},"16":{"start":{"line":36,"column":43},"end":{"line":36,"column":67}},"17":{"start":{"line":40,"column":4},"end":{"line":40,"column":14}},"18":{"start":{"line":41,"column":4},"end":{"line":41,"column":16}},"19":{"start":{"line":45,"column":4},"end":{"line":55,"column":5}},"20":{"start":{"line":46,"column":23},"end":{"line":46,"column":42}},"21":{"start":{"line":47,"column":6},"end":{"line":49,"column":7}},"22":{"start":{"line":48,"column":8},"end":{"line":48,"column":56}},"23":{"start":{"line":50,"column":27},"end":{"line":50,"column":48}},"24":{"start":{"line":51,"column":6},"end":{"line":51,"column":26}},"25":{"start":{"line":53,"column":6},"end":{"line":53,"column":59}},"26":{"start":{"line":54,"column":6},"end":{"line":54,"column":18}},"27":{"start":{"line":58,"column":0},"end":{"line":58,"column":47}},"28":{"start":{"line":59,"column":0},"end":{"line":59,"column":47}},"29":{"start":{"line":60,"column":0},"end":{"line":60,"column":37}},"30":{"start":{"line":61,"column":0},"end":{"line":61,"column":47}},"31":{"start":{"line":62,"column":0},"end":{"line":62,"column":61}},"32":{"start":{"line":63,"column":0},"end":{"line":63,"column":65}},"33":{"start":{"line":64,"column":0},"end":{"line":64,"column":37}},"34":{"start":{"line":65,"column":0},"end":{"line":65,"column":45}}},"fnMap":{"0":{"name":"calculateTotal","decl":{"start":{"line":1,"column":9},"end":{"line":1,"column":23}},"loc":{"start":{"line":1,"column":30},"end":{"line":3,"column":1}},"line":1},"1":{"name":"(anonymous_1)","decl":{"start":{"line":2,"column":23},"end":{"line":2,"column":24}},"loc":{"start":{"line":2,"column":43},"end":{"line":2,"column":85}},"line":2},"2":{"name":"formatCurrency","decl":{"start":{"line":5,"column":9},"end":{"line":5,"column":23}},"loc":{"start":{"line":5,"column":32},"end":{"line":7,"column":1}},"line":5},"3":{"name":"addToCart","decl":{"start":{"line":9,"column":9},"end":{"line":9,"column":18}},"loc":{"start":{"line":9,"column":34},"end":{"line":17,"column":1}},"line":9},"4":{"name":"(anonymous_4)","decl":{"start":{"line":10,"column":38},"end":{"line":10,"column":39}},"loc":{"start":{"line":10,"column":48},"end":{"line":10,"column":70}},"line":10},"5":{"name":"removeFromCart","decl":{"start":{"line":19,"column":9},"end":{"line":19,"column":23}},"loc":{"start":{"line":19,"column":39},"end":{"line":30,"column":1}},"line":19},"6":{"name":"(anonymous_6)","decl":{"start":{"line":20,"column":38},"end":{"line":20,"column":39}},"loc":{"start":{"line":20,"column":48},"end":{"line":20,"column":70}},"line":20},"7":{"name":"removeProductFromCart","decl":{"start":{"line":31,"column":9},"end":{"line":31,"column":30}},"loc":{"start":{"line":31,"column":46},"end":{"line":33,"column":1}},"line":31},"8":{"name":"calculateTotalItemCount","decl":{"start":{"line":35,"column":9},"end":{"line":35,"column":32}},"loc":{"start":{"line":35,"column":39},"end":{"line":37,"column":1}},"line":35},"9":{"name":"(anonymous_9)","decl":{"start":{"line":36,"column":23},"end":{"line":36,"column":24}},"loc":{"start":{"line":36,"column":43},"end":{"line":36,"column":67}},"line":36},"10":{"name":"clearCart","decl":{"start":{"line":39,"column":9},"end":{"line":39,"column":18}},"loc":{"start":{"line":39,"column":25},"end":{"line":42,"column":1}},"line":39},"11":{"name":"fetchProducts","decl":{"start":{"line":44,"column":15},"end":{"line":44,"column":28}},"loc":{"start":{"line":44,"column":37},"end":{"line":56,"column":1}},"line":44}},"branchMap":{"0":{"loc":{"start":{"line":12,"column":4},"end":{"line":16,"column":5}},"type":"if","locations":[{"start":{"line":12,"column":4},"end":{"line":16,"column":5}},{"start":{"line":14,"column":11},"end":{"line":16,"column":5}}],"line":12},"1":{"loc":{"start":{"line":22,"column":4},"end":{"line":29,"column":5}},"type":"if","locations":[{"start":{"line":22,"column":4},"end":{"line":29,"column":5}},{"start":{},"end":{}}],"line":22},"2":{"loc":{"start":{"line":26,"column":8},"end":{"line":28,"column":9}},"type":"if","locations":[{"start":{"line":26,"column":8},"end":{"line":28,"column":9}},{"start":{},"end":{}}],"line":26},"3":{"loc":{"start":{"line":47,"column":6},"end":{"line":49,"column":7}},"type":"if","locations":[{"start":{"line":47,"column":6},"end":{"line":49,"column":7}},{"start":{},"end":{}}],"line":47}},"s":{"0":1,"1":2,"2":1,"3":3,"4":1,"5":3,"6":1,"7":2,"8":3,"9":4,"10":3,"11":3,"12":3,"13":2,"14":1,"15":1,"16":2,"17":1,"18":1,"19":2,"20":2,"21":2,"22":1,"23":1,"24":1,"25":1,"26":1,"27":1,"28":1,"29":1,"30":1,"31":1,"32":1,"33":1,"34":1},"f":{"0":1,"1":2,"2":1,"3":3,"4":1,"5":3,"6":4,"7":1,"8":1,"9":2,"10":1,"11":2},"b":{"0":[1,2],"1":[3,0],"2":[2,1],"3":[1,1]},"_coverageSchema":"1a1c01bbd47fc00a2c39e90264f33305004495a9","hash":"bbecf46cace64c3f85643202cdc895f6d2800897"}
}
