TN:
SF:src/index.js
FN:1,calculateTotal
FN:2,(anonymous_1)
FN:5,formatCurrency
FN:9,addToCart
FN:10,(anonymous_4)
FN:19,removeFromCart
FN:20,(anonymous_6)
FN:31,removeProductFromCart
FN:35,calculateTotalItemCount
FN:36,(anonymous_9)
FN:39,clearCart
FN:44,fetchProducts
FNF:12
FNH:12
FNDA:1,calculateTotal
FNDA:2,(anonymous_1)
FNDA:1,formatCurrency
FNDA:3,addToCart
FNDA:1,(anonymous_4)
FNDA:3,removeFromCart
FNDA:4,(anonymous_6)
FNDA:1,removeProductFromCart
FNDA:1,calculateTotalItemCount
FNDA:2,(anonymous_9)
FNDA:1,clearCart
FNDA:2,fetchProducts
DA:2,2
DA:6,1
DA:10,3
DA:12,3
DA:13,1
DA:15,2
DA:20,4
DA:22,3
DA:23,3
DA:26,3
DA:27,2
DA:32,1
DA:36,2
DA:40,1
DA:41,1
DA:45,2
DA:46,2
DA:47,2
DA:48,1
DA:50,1
DA:51,1
DA:53,1
DA:54,1
DA:58,1
DA:59,1
DA:60,1
DA:61,1
DA:62,1
DA:63,1
DA:64,1
DA:65,1
LF:31
LH:31
BRDA:12,0,0,1
BRDA:12,0,1,2
BRDA:22,1,0,3
BRDA:22,1,1,0
BRDA:26,2,0,2
BRDA:26,2,1,1
BRDA:47,3,0,1
BRDA:47,3,1,1
BRF:8
BRH:7
end_of_record
